\BOOKMARK [0][-]{Doc-Start}{Title}{}% 1
\BOOKMARK [0][-]{Doc-Start}{List of Figures}{}% 2
\BOOKMARK [0][-]{chapter*.1}{List of Tables}{}% 3
\BOOKMARK [0][-]{chapter.1}{Introduction}{}% 4
\BOOKMARK [1][-]{section.1.1}{Background on Robosub}{chapter.1}% 5
\BOOKMARK [2][-]{subsection.1.1.1}{Information about the competition}{section.1.1}% 6
\BOOKMARK [2][-]{subsection.1.1.2}{Description of vision tasks}{section.1.1}% 7
\BOOKMARK [1][-]{section.1.2}{Challenges in Underwater Image Processing}{chapter.1}% 8
\BOOKMARK [1][-]{section.1.3}{Project Requirements Analysis}{chapter.1}% 9
\BOOKMARK [2][-]{subsection.1.3.1}{Nature of tasks}{section.1.3}% 10
\BOOKMARK [0][-]{chapter.2}{Literature Review}{}% 11
\BOOKMARK [1][-]{section.2.1}{Preprocessing}{chapter.2}% 12
\BOOKMARK [2][-]{subsection.2.1.1}{Underwater Image Enhancement}{section.2.1}% 13
\BOOKMARK [2][-]{subsection.2.1.2}{Color Constancy}{section.2.1}% 14
\BOOKMARK [1][-]{section.2.2}{Saliency Region Detection}{chapter.2}% 15
\BOOKMARK [1][-]{section.2.3}{Detection Proposals}{chapter.2}% 16
\BOOKMARK [1][-]{section.2.4}{Object Detection and Tracking}{chapter.2}% 17
\BOOKMARK [0][-]{chapter.3}{Design \046 Methodology}{}% 18
\BOOKMARK [1][-]{section.3.1}{Proposed design}{chapter.3}% 19
\BOOKMARK [2][-]{subsection.3.1.1}{Offline modules}{section.3.1}% 20
\BOOKMARK [2][-]{subsection.3.1.2}{Online modules}{section.3.1}% 21
\BOOKMARK [1][-]{section.3.2}{Methodology}{chapter.3}% 22
\BOOKMARK [2][-]{subsection.3.2.1}{Generating datasets}{section.3.2}% 23
\BOOKMARK [2][-]{subsection.3.2.2}{Model Learning}{section.3.2}% 24
\BOOKMARK [2][-]{subsection.3.2.3}{Online object detection and tracking}{section.3.2}% 25
\BOOKMARK [0][-]{chapter.4}{Preprocessing}{}% 26
\BOOKMARK [1][-]{section.4.1}{Color Normalization}{chapter.4}% 27
\BOOKMARK [2][-]{subsection.4.1.1}{Algorithm Implementation}{section.4.1}% 28
\BOOKMARK [2][-]{subsection.4.1.2}{Improvements}{section.4.1}% 29
\BOOKMARK [1][-]{section.4.2}{Underwater Image Enhancement}{chapter.4}% 30
\BOOKMARK [2][-]{subsection.4.2.1}{Fusion-based image restoration}{section.4.2}% 31
\BOOKMARK [2][-]{subsection.4.2.2}{Denoising \046 Illumination Compensation}{section.4.2}% 32
\BOOKMARK [1][-]{section.4.3}{Conclusion}{chapter.4}% 33
\BOOKMARK [0][-]{chapter.5}{Object Proposals}{}% 34
\BOOKMARK [1][-]{section.5.1}{Algorithm Implementation}{chapter.5}% 35
\BOOKMARK [2][-]{subsection.5.1.1}{Maximially Stable Extremal Regions \(MSER\)}{section.5.1}% 36
\BOOKMARK [2][-]{subsection.5.1.2}{Saliency-based}{section.5.1}% 37
\BOOKMARK [1][-]{section.5.2}{Conclusion}{chapter.5}% 38
\BOOKMARK [0][-]{chapter.6}{Feature Design}{}% 39
\BOOKMARK [1][-]{section.6.1}{Requirements}{chapter.6}% 40
\BOOKMARK [2][-]{subsection.6.1.1}{Illumination invariance}{section.6.1}% 41
\BOOKMARK [2][-]{subsection.6.1.2}{Scale \046 Rotation invariance}{section.6.1}% 42
\BOOKMARK [2][-]{subsection.6.1.3}{Shape discriminability}{section.6.1}% 43
\BOOKMARK [1][-]{section.6.2}{Color space: Implementation}{chapter.6}% 44
\BOOKMARK [2][-]{subsection.6.2.1}{rg chromacity}{section.6.2}% 45
\BOOKMARK [2][-]{subsection.6.2.2}{Normalized RGB}{section.6.2}% 46
\BOOKMARK [2][-]{subsection.6.2.3}{Opponent color space}{section.6.2}% 47
\BOOKMARK [2][-]{subsection.6.2.4}{Log color ratio}{section.6.2}% 48
\BOOKMARK [2][-]{subsection.6.2.5}{RGBY opponent space}{section.6.2}% 49
\BOOKMARK [2][-]{subsection.6.2.6}{DCD: Dominant color descriptor}{section.6.2}% 50
\BOOKMARK [1][-]{section.6.3}{Shape descriptors}{chapter.6}% 51
\BOOKMARK [2][-]{subsection.6.3.1}{Inner shape context}{section.6.3}% 52
\BOOKMARK [2][-]{subsection.6.3.2}{Elliptic Fourier Feature of Closed Contour}{section.6.3}% 53
\BOOKMARK [2][-]{subsection.6.3.3}{Moment-based descriptors}{section.6.3}% 54
\BOOKMARK [0][-]{chapter.7}{Model Learning}{}% 55
\BOOKMARK [1][-]{section.7.1}{Feature Selection}{chapter.7}% 56
\BOOKMARK [1][-]{section.7.2}{Hyperparameters optimization: Implemetation}{chapter.7}% 57
\BOOKMARK [1][-]{section.7.3}{Model Selection}{chapter.7}% 58
\BOOKMARK [0][-]{chapter.8}{Object Tracking}{}% 59
\BOOKMARK [1][-]{section.8.1}{Benchmarks}{chapter.8}% 60
\BOOKMARK [1][-]{section.8.2}{Tracking by detection: Implementation}{chapter.8}% 61
\BOOKMARK [1][-]{section.8.3}{Model-free tracking: Implementation}{chapter.8}% 62
\BOOKMARK [0][-]{chapter.9}{Experimental results}{}% 63
\BOOKMARK [1][-]{section.9.1}{Datasets}{chapter.9}% 64
\BOOKMARK [2][-]{subsection.9.1.1}{Challenges}{section.9.1}% 65
\BOOKMARK [2][-]{subsection.9.1.2}{Object classes}{section.9.1}% 66
\BOOKMARK [1][-]{section.9.2}{Results}{chapter.9}% 67
\BOOKMARK [2][-]{subsection.9.2.1}{Evaluation methodology}{section.9.2}% 68
\BOOKMARK [2][-]{subsection.9.2.2}{Trackers}{section.9.2}% 69
\BOOKMARK [2][-]{subsection.9.2.3}{Raw results}{section.9.2}% 70
\BOOKMARK [1][-]{section.9.3}{Discussion}{chapter.9}% 71
\BOOKMARK [2][-]{subsection.9.3.1}{Preprocessing}{section.9.3}% 72
\BOOKMARK [2][-]{subsection.9.3.2}{Automatic machine learning}{section.9.3}% 73
\BOOKMARK [2][-]{subsection.9.3.3}{Conclusion}{section.9.3}% 74
\BOOKMARK [0][-]{chapter*.33}{References}{}% 75
